<?xml version="1.0" encoding="UTF-8"?>
<testsuite name="ElFathi_Meryem_Capstone_Project"
           tests="2"
           failures="0"
           errors="0"
           skipped="0"
           time="55.717">
    <properties></properties>



            <testcase
                name="verifySearchResultWithNullSearchText"
                time="30.090"
                classname="testcases.SearchProductOnHomePageTest">
            </testcase>
            <testcase
                name="matchSearchWordAndSearchResult"
                time="25.627"
                classname="testcases.SearchProductOnHomePageTest">
            </testcase>
</testsuite>
