<?xml version="1.0" encoding="UTF-8"?>
<testsuite name="ElFathi_Meryem_Capstone_Project"
           tests="4"
           failures="0"
           errors="0"
           skipped="0"
           time="128.207">
    <properties></properties>



            <testcase
                name="passwordValidation"
                time="33.145"
                classname="testcases.RegistrationTests">
            </testcase>
            <testcase
                name="registrationPage"
                time="4.147"
                classname="testcases.RegistrationTests">
            </testcase>
            <testcase
                name="emailValidation"
                time="43.702"
                classname="testcases.RegistrationTests">
            </testcase>
            <testcase
                name="registration"
                time="47.213"
                classname="testcases.RegistrationTests">
            </testcase>
</testsuite>
